<?xml version="1.0" encoding="UTF-8"?>
<testsuite name="org.apache.flink.api.java.operator.JoinOperatorTest" time="0.527" tests="63" errors="0" skipped="0" failures="0">
  <properties>
    <property name="java.runtime.name" value="Java(TM) SE Runtime Environment"/>
    <property name="sun.boot.library.path" value="D:\jdk1.8\jre\bin"/>
    <property name="java.vm.version" value="25.51-b03"/>
    <property name="java.vm.vendor" value="Oracle Corporation"/>
    <property name="maven.multiModuleProjectDirectory" value="E:\flink\flink-1.1.4"/>
    <property name="java.vendor.url" value="http://java.oracle.com/"/>
    <property name="path.separator" value=";"/>
    <property name="guice.disable.misplaced.annotation.check" value="true"/>
    <property name="java.vm.name" value="Java HotSpot(TM) Client VM"/>
    <property name="file.encoding.pkg" value="sun.io"/>
    <property name="user.script" value=""/>
    <property name="user.country" value="CN"/>
    <property name="sun.java.launcher" value="SUN_STANDARD"/>
    <property name="sun.os.patch.level" value="Service Pack 1"/>
    <property name="java.vm.specification.name" value="Java Virtual Machine Specification"/>
    <property name="user.dir" value="E:\flink\flink-1.1.4"/>
    <property name="java.runtime.version" value="1.8.0_51-b16"/>
    <property name="java.awt.graphicsenv" value="sun.awt.Win32GraphicsEnvironment"/>
    <property name="java.endorsed.dirs" value="D:\jdk1.8\jre\lib\endorsed"/>
    <property name="os.arch" value="x86"/>
    <property name="java.io.tmpdir" value="C:\Users\ADMINI~1\AppData\Local\Temp\"/>
    <property name="line.separator" value="&#10;"/>
    <property name="java.vm.specification.vendor" value="Oracle Corporation"/>
    <property name="user.variant" value=""/>
    <property name="os.name" value="Windows 7"/>
    <property name="classworlds.conf" value="D:\apache-maven-3.3.1-bin\apache-maven-3.3.1\bin\m2.conf"/>
    <property name="sun.jnu.encoding" value="GBK"/>
    <property name="java.library.path" value="D:\jdk1.8\bin;C:\windows\Sun\Java\bin;C:\windows\system32;C:\windows;C:\ProgramData\Oracle\Java\javapath;D:\jdk1.8\jre\bin;C:\Windows\System32;D:\apache-maven-3.3.1-bin\apache-maven-3.3.1\bin;E:\MT\R2014a\runtime\win64;E:\MT\R2014a\bin;E:\MT\R2014a\polyspace\bin;C:\Hspice 2007.03_Win\Hspice 2007.03_Win;d:\modelsim.se.v6.1f\win32;c:\Windows\System32;.;;."/>
    <property name="java.specification.name" value="Java Platform API Specification"/>
    <property name="java.class.version" value="52.0"/>
    <property name="sun.management.compiler" value="HotSpot Client Compiler"/>
    <property name="os.version" value="6.1"/>
    <property name="user.home" value="C:\Users\Administrator"/>
    <property name="user.timezone" value="Asia/Shanghai"/>
    <property name="java.awt.printerjob" value="sun.awt.windows.WPrinterJob"/>
    <property name="java.specification.version" value="1.8"/>
    <property name="file.encoding" value="GBK"/>
    <property name="user.name" value="Administrator"/>
    <property name="java.class.path" value="D:\apache-maven-3.3.1-bin\apache-maven-3.3.1\boot\plexus-classworlds-2.5.2.jar"/>
    <property name="java.vm.specification.version" value="1.8"/>
    <property name="sun.arch.data.model" value="32"/>
    <property name="java.home" value="D:\jdk1.8\jre"/>
    <property name="sun.java.command" value="org.codehaus.plexus.classworlds.launcher.Launcher install -Dskiptests"/>
    <property name="java.specification.vendor" value="Oracle Corporation"/>
    <property name="user.language" value="zh"/>
    <property name="skiptests" value="true"/>
    <property name="awt.toolkit" value="sun.awt.windows.WToolkit"/>
    <property name="java.vm.info" value="mixed mode"/>
    <property name="java.version" value="1.8.0_51"/>
    <property name="java.ext.dirs" value="D:\jdk1.8\jre\lib\ext;C:\windows\Sun\Java\lib\ext"/>
    <property name="sun.boot.class.path" value="D:\jdk1.8\jre\lib\resources.jar;D:\jdk1.8\jre\lib\rt.jar;D:\jdk1.8\jre\lib\sunrsasign.jar;D:\jdk1.8\jre\lib\jsse.jar;D:\jdk1.8\jre\lib\jce.jar;D:\jdk1.8\jre\lib\charsets.jar;D:\jdk1.8\jre\lib\jfr.jar;D:\jdk1.8\jre\classes"/>
    <property name="sun.stderr.encoding" value="ms936"/>
    <property name="java.vendor" value="Oracle Corporation"/>
    <property name="maven.home" value="D:\apache-maven-3.3.1-bin\apache-maven-3.3.1"/>
    <property name="file.separator" value="\"/>
    <property name="java.vendor.url.bug" value="http://bugreport.sun.com/bugreport/"/>
    <property name="sun.cpu.endian" value="little"/>
    <property name="sun.io.unicode.encoding" value="UnicodeLittle"/>
    <property name="sun.stdout.encoding" value="ms936"/>
    <property name="sun.desktop" value="windows"/>
    <property name="sun.cpu.isalist" value="pentium_pro+mmx pentium_pro pentium+mmx pentium i486 i386 i86"/>
  </properties>
  <testcase name="testJoinProjection13" classname="org.apache.flink.api.java.operator.JoinOperatorTest" time="0.001"/>
  <testcase name="testJoinProjection14" classname="org.apache.flink.api.java.operator.JoinOperatorTest" time="0"/>
  <testcase name="testJoinProjection21" classname="org.apache.flink.api.java.operator.JoinOperatorTest" time="0.004"/>
  <testcase name="testJoinProjection26" classname="org.apache.flink.api.java.operator.JoinOperatorTest" time="0.098"/>
  <testcase name="testJoinProjection27" classname="org.apache.flink.api.java.operator.JoinOperatorTest" time="0.002"/>
  <testcase name="testJoinProjection28" classname="org.apache.flink.api.java.operator.JoinOperatorTest" time="0.001"/>
  <testcase name="testJoinProjection29" classname="org.apache.flink.api.java.operator.JoinOperatorTest" time="0.001"/>
  <testcase name="testJoinProjection30" classname="org.apache.flink.api.java.operator.JoinOperatorTest" time="0"/>
  <testcase name="testJoinProjection33" classname="org.apache.flink.api.java.operator.JoinOperatorTest" time="0"/>
  <testcase name="testJoinProjection34" classname="org.apache.flink.api.java.operator.JoinOperatorTest" time="0.001"/>
  <testcase name="testJoinKeyWithCustomContainingTuple0" classname="org.apache.flink.api.java.operator.JoinOperatorTest" time="0.002"/>
  <testcase name="testJoinKeyWithCustomContainingTuple1" classname="org.apache.flink.api.java.operator.JoinOperatorTest" time="0"/>
  <testcase name="testJoinKeyWithCustomContainingTuple2" classname="org.apache.flink.api.java.operator.JoinOperatorTest" time="0"/>
  <testcase name="testJoinKeyExpressions1Nested" classname="org.apache.flink.api.java.operator.JoinOperatorTest" time="0"/>
  <testcase name="testJoinKeyMixing1" classname="org.apache.flink.api.java.operator.JoinOperatorTest" time="0.053"/>
  <testcase name="testJoinKeyMixing2" classname="org.apache.flink.api.java.operator.JoinOperatorTest" time="0.023"/>
  <testcase name="testJoinKeyMixing3" classname="org.apache.flink.api.java.operator.JoinOperatorTest" time="0"/>
  <testcase name="testJoinKeyMixing4" classname="org.apache.flink.api.java.operator.JoinOperatorTest" time="0"/>
  <testcase name="testJoinKeyMixedTupleIndex" classname="org.apache.flink.api.java.operator.JoinOperatorTest" time="0"/>
  <testcase name="testJoinKeyMixedKeySelectorTurned" classname="org.apache.flink.api.java.operator.JoinOperatorTest" time="0.083"/>
  <testcase name="testJoinKeyMixedKeySelector" classname="org.apache.flink.api.java.operator.JoinOperatorTest" time="0.032"/>
  <testcase name="testJoinKeyExpressions2Nested" classname="org.apache.flink.api.java.operator.JoinOperatorTest" time="0.001"/>
  <testcase name="testJoinKeyNestedTuplesWithCustom" classname="org.apache.flink.api.java.operator.JoinOperatorTest" time="0.004"/>
  <testcase name="testJoinKeyMixedTupleIndex2" classname="org.apache.flink.api.java.operator.JoinOperatorTest" time="0"/>
  <testcase name="testJoinKeySelectors1" classname="org.apache.flink.api.java.operator.JoinOperatorTest" time="0.089"/>
  <testcase name="testJoinKeyExpressions3Nested" classname="org.apache.flink.api.java.operator.JoinOperatorTest" time="0.003"/>
  <testcase name="testJoinKeyFields1" classname="org.apache.flink.api.java.operator.JoinOperatorTest" time="0.001"/>
  <testcase name="testJoinKeyFields2" classname="org.apache.flink.api.java.operator.JoinOperatorTest" time="0.001"/>
  <testcase name="testJoinKeyFields3" classname="org.apache.flink.api.java.operator.JoinOperatorTest" time="0"/>
  <testcase name="testJoinKeyFields4" classname="org.apache.flink.api.java.operator.JoinOperatorTest" time="0"/>
  <testcase name="testJoinKeyFields5" classname="org.apache.flink.api.java.operator.JoinOperatorTest" time="0"/>
  <testcase name="testJoinKeyFields6" classname="org.apache.flink.api.java.operator.JoinOperatorTest" time="0.001"/>
  <testcase name="testJoinKeyInvalidAtomic1" classname="org.apache.flink.api.java.operator.JoinOperatorTest" time="0.001"/>
  <testcase name="testJoinKeyInvalidAtomic2" classname="org.apache.flink.api.java.operator.JoinOperatorTest" time="0.001"/>
  <testcase name="testJoinKeyInvalidAtomic3" classname="org.apache.flink.api.java.operator.JoinOperatorTest" time="0.001"/>
  <testcase name="testJoinKeyInvalidAtomic4" classname="org.apache.flink.api.java.operator.JoinOperatorTest" time="0.001"/>
  <testcase name="testJoinKeyInvalidAtomic5" classname="org.apache.flink.api.java.operator.JoinOperatorTest" time="0.002"/>
  <testcase name="testJoinKeyInvalidAtomic6" classname="org.apache.flink.api.java.operator.JoinOperatorTest" time="0.001"/>
  <testcase name="testJoinKeyExpressions4Nested" classname="org.apache.flink.api.java.operator.JoinOperatorTest" time="0.002"/>
  <testcase name="testJoinKeyMixedTupleIndexWrongType" classname="org.apache.flink.api.java.operator.JoinOperatorTest" time="0.001"/>
  <testcase name="testJoinKeyAtomic1" classname="org.apache.flink.api.java.operator.JoinOperatorTest" time="0"/>
  <testcase name="testJoinKeyAtomic2" classname="org.apache.flink.api.java.operator.JoinOperatorTest" time="0.001"/>
  <testcase name="testSemanticPropsWithKeySelector1" classname="org.apache.flink.api.java.operator.JoinOperatorTest" time="0.036"/>
  <testcase name="testSemanticPropsWithKeySelector2" classname="org.apache.flink.api.java.operator.JoinOperatorTest" time="0.008"/>
  <testcase name="testSemanticPropsWithKeySelector3" classname="org.apache.flink.api.java.operator.JoinOperatorTest" time="0.004"/>
  <testcase name="testJoinKeyMixedTupleIndexTurned" classname="org.apache.flink.api.java.operator.JoinOperatorTest" time="0.001"/>
  <testcase name="testJoinKeyExpressionsNested" classname="org.apache.flink.api.java.operator.JoinOperatorTest" time="0.002"/>
  <testcase name="testJoinProjection1" classname="org.apache.flink.api.java.operator.JoinOperatorTest" time="0"/>
  <testcase name="testJoinProjection2" classname="org.apache.flink.api.java.operator.JoinOperatorTest" time="0"/>
  <testcase name="testJoinProjection3" classname="org.apache.flink.api.java.operator.JoinOperatorTest" time="0.001"/>
  <testcase name="testJoinProjection4" classname="org.apache.flink.api.java.operator.JoinOperatorTest" time="0.002"/>
  <testcase name="testJoinProjection5" classname="org.apache.flink.api.java.operator.JoinOperatorTest" time="0.002"/>
  <testcase name="testJoinProjection6" classname="org.apache.flink.api.java.operator.JoinOperatorTest" time="0.043"/>
  <testcase name="testJoinProjection7" classname="org.apache.flink.api.java.operator.JoinOperatorTest" time="0.001"/>
  <testcase name="testJoinProjection8" classname="org.apache.flink.api.java.operator.JoinOperatorTest" time="0.001"/>
  <testcase name="testJoinProjection9" classname="org.apache.flink.api.java.operator.JoinOperatorTest" time="0.001"/>
  <testcase name="testJoinKeyMixedWrong" classname="org.apache.flink.api.java.operator.JoinOperatorTest" time="0.006"/>
  <testcase name="testJoinKeyNestedTuples" classname="org.apache.flink.api.java.operator.JoinOperatorTest" time="0.001"/>
  <testcase name="testJoinKeyNestedTuplesWrongType" classname="org.apache.flink.api.java.operator.JoinOperatorTest" time="0.001"/>
  <testcase name="testJoinKeyExpressions1" classname="org.apache.flink.api.java.operator.JoinOperatorTest" time="0.002"/>
  <testcase name="testJoinKeyExpressions2" classname="org.apache.flink.api.java.operator.JoinOperatorTest" time="0.001"/>
  <testcase name="testJoinKeyExpressions3" classname="org.apache.flink.api.java.operator.JoinOperatorTest" time="0.001"/>
  <testcase name="testJoinKeyExpressions4" classname="org.apache.flink.api.java.operator.JoinOperatorTest" time="0.001"/>
</testsuite>